2014-08-17 04:22:22,773 - Parser Exception: index
org.apache.velocity.runtime.parser.ParseException: Encountered ":" at line 88, column 36.
Was expecting:
    <RPAREN> ...
    
	at org.apache.velocity.runtime.parser.Parser.generateParseException(Parser.java:3679)
	at org.apache.velocity.runtime.parser.Parser.jj_consume_token(Parser.java:3558)
	at org.apache.velocity.runtime.parser.Parser.Directive(Parser.java:862)
	at org.apache.velocity.runtime.parser.Parser.Statement(Parser.java:379)
	at org.apache.velocity.runtime.parser.Parser.process(Parser.java:317)
	at org.apache.velocity.runtime.parser.Parser.parse(Parser.java:117)
	at org.apache.velocity.runtime.RuntimeInstance.parse(RuntimeInstance.java:1226)
	at org.apache.velocity.runtime.RuntimeInstance.parse(RuntimeInstance.java:1181)
	at org.apache.velocity.runtime.RuntimeInstance.evaluate(RuntimeInstance.java:1297)
	at org.apache.velocity.app.VelocityEngine.evaluate(VelocityEngine.java:272)
	at org.simpleframework.demo.template.velocity.VelocityTemplateEngine.renderTemplate(VelocityTemplateEngine.java:44)
	at org.simpleframework.demo.template.Template.render(Template.java:14)
	at org.simpleframework.demo.template.TemplateResource.handle(TemplateResource.java:27)
	at org.simpleframework.demo.http.resource.ResourceContainer.handle(ResourceContainer.java:50)
	at org.simpleframework.demo.http.WebContainer.handle(WebContainer.java:30)
	at org.simpleframework.http.socket.service.RouterContainer.handle(RouterContainer.java:122)
	at org.simpleframework.http.core.RequestDispatcher.dispatch(RequestDispatcher.java:121)
	at org.simpleframework.http.core.RequestDispatcher.run(RequestDispatcher.java:103)
	at java.util.concurrent.ThreadPoolExecutor.runWorker(ThreadPoolExecutor.java:1145)
	at java.util.concurrent.ThreadPoolExecutor$Worker.run(ThreadPoolExecutor.java:615)
	at java.lang.Thread.run(Thread.java:744)
2014-08-17 04:22:28,349 - Parser Exception: index
org.apache.velocity.runtime.parser.ParseException: Encountered ":" at line 88, column 36.
Was expecting:
    <RPAREN> ...
    
	at org.apache.velocity.runtime.parser.Parser.generateParseException(Parser.java:3679)
	at org.apache.velocity.runtime.parser.Parser.jj_consume_token(Parser.java:3558)
	at org.apache.velocity.runtime.parser.Parser.Directive(Parser.java:862)
	at org.apache.velocity.runtime.parser.Parser.Statement(Parser.java:379)
	at org.apache.velocity.runtime.parser.Parser.process(Parser.java:317)
	at org.apache.velocity.runtime.parser.Parser.parse(Parser.java:117)
	at org.apache.velocity.runtime.RuntimeInstance.parse(RuntimeInstance.java:1226)
	at org.apache.velocity.runtime.RuntimeInstance.parse(RuntimeInstance.java:1181)
	at org.apache.velocity.runtime.RuntimeInstance.evaluate(RuntimeInstance.java:1297)
	at org.apache.velocity.app.VelocityEngine.evaluate(VelocityEngine.java:272)
	at org.simpleframework.demo.template.velocity.VelocityTemplateEngine.renderTemplate(VelocityTemplateEngine.java:44)
	at org.simpleframework.demo.template.Template.render(Template.java:14)
	at org.simpleframework.demo.template.TemplateResource.handle(TemplateResource.java:27)
	at org.simpleframework.demo.http.resource.ResourceContainer.handle(ResourceContainer.java:50)
	at org.simpleframework.demo.http.WebContainer.handle(WebContainer.java:30)
	at org.simpleframework.http.socket.service.RouterContainer.handle(RouterContainer.java:122)
	at org.simpleframework.http.core.RequestDispatcher.dispatch(RequestDispatcher.java:121)
	at org.simpleframework.http.core.RequestDispatcher.run(RequestDispatcher.java:103)
	at java.util.concurrent.ThreadPoolExecutor.runWorker(ThreadPoolExecutor.java:1145)
	at java.util.concurrent.ThreadPoolExecutor$Worker.run(ThreadPoolExecutor.java:615)
	at java.lang.Thread.run(Thread.java:744)
2014-08-17 04:22:35,418 - Parser Exception: index
org.apache.velocity.runtime.parser.ParseException: Encountered ":" at line 88, column 36.
Was expecting:
    <RPAREN> ...
    
	at org.apache.velocity.runtime.parser.Parser.generateParseException(Parser.java:3679)
	at org.apache.velocity.runtime.parser.Parser.jj_consume_token(Parser.java:3558)
	at org.apache.velocity.runtime.parser.Parser.Directive(Parser.java:862)
	at org.apache.velocity.runtime.parser.Parser.Statement(Parser.java:379)
	at org.apache.velocity.runtime.parser.Parser.process(Parser.java:317)
	at org.apache.velocity.runtime.parser.Parser.parse(Parser.java:117)
	at org.apache.velocity.runtime.RuntimeInstance.parse(RuntimeInstance.java:1226)
	at org.apache.velocity.runtime.RuntimeInstance.parse(RuntimeInstance.java:1181)
	at org.apache.velocity.runtime.RuntimeInstance.evaluate(RuntimeInstance.java:1297)
	at org.apache.velocity.app.VelocityEngine.evaluate(VelocityEngine.java:272)
	at org.simpleframework.demo.template.velocity.VelocityTemplateEngine.renderTemplate(VelocityTemplateEngine.java:44)
	at org.simpleframework.demo.template.Template.render(Template.java:14)
	at org.simpleframework.demo.template.TemplateResource.handle(TemplateResource.java:27)
	at org.simpleframework.demo.http.resource.ResourceContainer.handle(ResourceContainer.java:50)
	at org.simpleframework.demo.http.WebContainer.handle(WebContainer.java:30)
	at org.simpleframework.http.socket.service.RouterContainer.handle(RouterContainer.java:122)
	at org.simpleframework.http.core.RequestDispatcher.dispatch(RequestDispatcher.java:121)
	at org.simpleframework.http.core.RequestDispatcher.run(RequestDispatcher.java:103)
	at java.util.concurrent.ThreadPoolExecutor.runWorker(ThreadPoolExecutor.java:1145)
	at java.util.concurrent.ThreadPoolExecutor$Worker.run(ThreadPoolExecutor.java:615)
	at java.lang.Thread.run(Thread.java:744)
